<?xml version="1.0" encoding="utf-8"?><testsuites name="pytest tests"><testsuite name="pytest" errors="0" failures="0" skipped="0" tests="44" time="22.038" timestamp="2026-07-18T09:25:16.088498+00:00" hostname="agent-env-d8a7edbb-dc12-4ac6-a438-f369e90967a6"><testcase classname="backend.tests.test_admin_approval_workflow.TestDetectionSavesPending" name="test_detect_returns_pending_status" time="1.054" /><testcase classname="backend.tests.test_admin_approval_workflow.TestAdminPendingEndpoint" name="test_pending_requires_auth" time="0.094" /><testcase classname="backend.tests.test_admin_approval_workflow.TestAdminPendingEndpoint" name="test_pending_requires_admin_role" time="0.363" /><testcase classname="backend.tests.test_admin_approval_workflow.TestAdminPendingEndpoint" name="test_pending_returns_pending_scans" time="0.045" /><testcase classname="backend.tests.test_admin_approval_workflow.TestAdminReviewEndpoint" name="test_review_requires_auth" time="0.101" /><testcase classname="backend.tests.test_admin_approval_workflow.TestAdminReviewEndpoint" name="test_review_requires_admin_role" time="0.044" /><testcase classname="backend.tests.test_admin_approval_workflow.TestAdminReviewEndpoint" name="test_review_invalid_action" time="0.899" /><testcase classname="backend.tests.test_admin_approval_workflow.TestAdminReviewEndpoint" name="test_review_not_found" time="0.044" /><testcase classname="backend.tests.test_admin_approval_workflow.TestApprovalWorkflow" name="test_approve_scan_basic" time="0.751" /><testcase classname="backend.tests.test_admin_approval_workflow.TestApprovalWorkflow" name="test_approve_with_disease_correction" time="0.803" /><testcase classname="backend.tests.test_admin_approval_workflow.TestApprovalWorkflow" name="test_approve_with_suggestion" time="0.703" /><testcase classname="backend.tests.test_admin_approval_workflow.TestApprovalWorkflow" name="test_reject_scan" time="0.691" /><testcase classname="backend.tests.test_admin_approval_workflow.TestFarmerHistoryWithStatus" name="test_farmer_history_shows_pending_status" time="1.105" /><testcase classname="backend.tests.test_admin_approval_workflow.TestFarmerHistoryWithStatus" name="test_farmer_history_shows_approved_with_details" time="1.042" /><testcase classname="backend.tests.test_admin_approval_workflow.TestFarmerHistoryWithStatus" name="test_farmer_history_shows_rejected_with_note" time="1.001" /><testcase classname="backend.tests.test_admin_approval_workflow.TestAccessControl" name="test_regular_user_cannot_access_pending" time="0.363" /><testcase classname="backend.tests.test_admin_approval_workflow.TestAccessControl" name="test_regular_user_cannot_review" time="0.360" /><testcase classname="backend.tests.test_four_disease_simplification.TestDiseasesEndpoint" name="test_diseases_returns_exactly_four" time="0.103" /><testcase classname="backend.tests.test_four_disease_simplification.TestDiseasesEndpoint" name="test_diseases_english_default" time="0.091" /><testcase classname="backend.tests.test_four_disease_simplification.TestDiseasesEndpoint" name="test_diseases_marathi" time="0.183" /><testcase classname="backend.tests.test_four_disease_simplification.TestDiseasesEndpoint" name="test_diseases_hindi" time="0.094" /><testcase classname="backend.tests.test_four_disease_simplification.TestDetection" name="test_detect_returns_only_valid_disease_and_overlay" time="0.914" /><testcase classname="backend.tests.test_four_disease_simplification.TestDetection" name="test_detect_no_llm_key_needed" time="0.993" /><testcase classname="backend.tests.test_sugarcane_api.TestHealthAndBasics" name="test_diseases_endpoint_public" time="0.144" /><testcase classname="backend.tests.test_sugarcane_api.TestAdminAuth" name="test_admin_login_success" time="0.323" /><testcase classname="backend.tests.test_sugarcane_api.TestAdminAuth" name="test_admin_login_wrong_password" time="0.322" /><testcase classname="backend.tests.test_sugarcane_api.TestAdminAuth" name="test_admin_me_endpoint" time="0.394" /><testcase classname="backend.tests.test_sugarcane_api.TestUserRegistration" name="test_register_new_user" time="0.582" /><testcase classname="backend.tests.test_sugarcane_api.TestUserRegistration" name="test_register_duplicate_username" time="0.094" /><testcase classname="backend.tests.test_sugarcane_api.TestLogout" name="test_logout_clears_session" time="0.439" /><testcase classname="backend.tests.test_sugarcane_api.TestDetection" name="test_detect_requires_auth" time="0.104" /><testcase classname="backend.tests.test_sugarcane_api.TestDetection" name="test_detect_with_auth" time="0.905" /><testcase classname="backend.tests.test_sugarcane_api.TestHistory" name="test_history_requires_auth" time="0.129" /><testcase classname="backend.tests.test_sugarcane_api.TestHistory" name="test_history_returns_user_scans" time="0.364" /><testcase classname="backend.tests.test_sugarcane_api.TestAdminEndpoints" name="test_admin_stats_requires_admin" time="0.122" /><testcase classname="backend.tests.test_sugarcane_api.TestAdminEndpoints" name="test_admin_stats_with_admin" time="0.362" /><testcase classname="backend.tests.test_sugarcane_api.TestAdminEndpoints" name="test_admin_users_with_admin" time="0.381" /><testcase classname="backend.tests.test_sugarcane_api.TestAdminEndpoints" name="test_admin_detections_with_admin" time="0.369" /><testcase classname="backend.tests.test_sugarcane_api.TestAdminEndpoints" name="test_admin_endpoints_forbidden_for_regular_user" time="0.554" /><testcase classname="backend.tests.test_unet_overlay.TestUNetDetection" name="test_detect_returns_overlay_path" time="1.008" /><testcase classname="backend.tests.test_unet_overlay.TestUNetDetection" name="test_overlay_file_accessible" time="1.381" /><testcase classname="backend.tests.test_unet_overlay.TestAdminPendingHasOverlay" name="test_pending_items_have_overlay_path" time="0.042" /><testcase classname="backend.tests.test_unet_overlay.TestHistoryHasOverlay" name="test_history_returns_overlay_path" time="0.916" /><testcase classname="backend.tests.test_unet_overlay.TestApproveKeepsOverlay" name="test_approve_preserves_overlay" time="1.144" /></testsuite></testsuites>