<?xml version="1.0" encoding="utf-8"?><testsuites name="pytest tests"><testsuite name="pytest" errors="0" failures="0" skipped="0" tests="5" time="9.198" timestamp="2026-07-18T09:12:48.281520+00:00" hostname="agent-env-d8a7edbb-dc12-4ac6-a438-f369e90967a6"><testcase classname="backend.tests.test_unet_overlay.TestUNetDetection" name="test_detect_returns_overlay_path" time="2.497" /><testcase classname="backend.tests.test_unet_overlay.TestUNetDetection" name="test_overlay_file_accessible" time="2.727" /><testcase classname="backend.tests.test_unet_overlay.TestAdminPendingHasOverlay" name="test_pending_items_have_overlay_path" time="0.045" /><testcase classname="backend.tests.test_unet_overlay.TestHistoryHasOverlay" name="test_history_returns_overlay_path" time="1.832" /><testcase classname="backend.tests.test_unet_overlay.TestApproveKeepsOverlay" name="test_approve_preserves_overlay" time="2.032" /></testsuite></testsuites>