<?xml version="1.0" encoding="utf-8"?><testsuites name="pytest tests"><testsuite name="pytest" errors="0" failures="0" skipped="0" tests="17" time="19.317" timestamp="2026-07-18T09:13:02.484120+00:00" hostname="agent-env-d8a7edbb-dc12-4ac6-a438-f369e90967a6"><testcase classname="backend.tests.test_admin_approval_workflow.TestDetectionSavesPending" name="test_detect_returns_pending_status" time="2.652" /><testcase classname="backend.tests.test_admin_approval_workflow.TestAdminPendingEndpoint" name="test_pending_requires_auth" time="0.126" /><testcase classname="backend.tests.test_admin_approval_workflow.TestAdminPendingEndpoint" name="test_pending_requires_admin_role" time="0.379" /><testcase classname="backend.tests.test_admin_approval_workflow.TestAdminPendingEndpoint" name="test_pending_returns_pending_scans" time="0.062" /><testcase classname="backend.tests.test_admin_approval_workflow.TestAdminReviewEndpoint" name="test_review_requires_auth" time="0.130" /><testcase classname="backend.tests.test_admin_approval_workflow.TestAdminReviewEndpoint" name="test_review_requires_admin_role" time="0.045" /><testcase classname="backend.tests.test_admin_approval_workflow.TestAdminReviewEndpoint" name="test_review_invalid_action" time="2.147" /><testcase classname="backend.tests.test_admin_approval_workflow.TestAdminReviewEndpoint" name="test_review_not_found" time="0.046" /><testcase classname="backend.tests.test_admin_approval_workflow.TestApprovalWorkflow" name="test_approve_scan_basic" time="1.896" /><testcase classname="backend.tests.test_admin_approval_workflow.TestApprovalWorkflow" name="test_approve_with_disease_correction" time="1.724" /><testcase classname="backend.tests.test_admin_approval_workflow.TestApprovalWorkflow" name="test_approve_with_suggestion" time="1.637" /><testcase classname="backend.tests.test_admin_approval_workflow.TestApprovalWorkflow" name="test_reject_scan" time="1.424" /><testcase classname="backend.tests.test_admin_approval_workflow.TestFarmerHistoryWithStatus" name="test_farmer_history_shows_pending_status" time="2.181" /><testcase classname="backend.tests.test_admin_approval_workflow.TestFarmerHistoryWithStatus" name="test_farmer_history_shows_approved_with_details" time="2.027" /><testcase classname="backend.tests.test_admin_approval_workflow.TestFarmerHistoryWithStatus" name="test_farmer_history_shows_rejected_with_note" time="1.965" /><testcase classname="backend.tests.test_admin_approval_workflow.TestAccessControl" name="test_regular_user_cannot_access_pending" time="0.378" /><testcase classname="backend.tests.test_admin_approval_workflow.TestAccessControl" name="test_regular_user_cannot_review" time="0.394" /></testsuite></testsuites>