<?xml version="1.0" encoding="utf-8"?><testsuites name="pytest tests"><testsuite name="pytest" errors="0" failures="0" skipped="0" tests="6" time="2.545" timestamp="2026-07-18T09:25:07.395907+00:00" hostname="agent-env-d8a7edbb-dc12-4ac6-a438-f369e90967a6"><testcase classname="backend.tests.test_four_disease_simplification.TestDiseasesEndpoint" name="test_diseases_returns_exactly_four" time="0.196" /><testcase classname="backend.tests.test_four_disease_simplification.TestDiseasesEndpoint" name="test_diseases_english_default" time="0.133" /><testcase classname="backend.tests.test_four_disease_simplification.TestDiseasesEndpoint" name="test_diseases_marathi" time="0.244" /><testcase classname="backend.tests.test_four_disease_simplification.TestDiseasesEndpoint" name="test_diseases_hindi" time="0.122" /><testcase classname="backend.tests.test_four_disease_simplification.TestDetection" name="test_detect_returns_only_valid_disease_and_overlay" time="1.091" /><testcase classname="backend.tests.test_four_disease_simplification.TestDetection" name="test_detect_no_llm_key_needed" time="0.698" /></testsuite></testsuites>